<?xml version="1.0" encoding="UTF-8"?>
<testng-results ignored="0" total="5" passed="5" failed="0" skipped="0">
  <reporter-output>
  </reporter-output>
  <suite started-at="2024-05-25T10:35:48 EDT" name="Suite" finished-at="2024-05-25T10:36:43 EDT" duration-ms="55006">
    <groups>
      <group name="ErrorHandling">
        <method signature="ErrorValidationsTest.LoginErrorValidations()[pri:0, instance:rahulshettyacademy.tests.ErrorValidationsTest@700fb871]" name="LoginErrorValidations" class="rahulshettyacademy.tests.ErrorValidationsTest"/>
      </group> <!-- ErrorHandling -->
      <group name="Purchase">
        <method signature="SubmitOrderTest.submitOrder(java.util.HashMap)[pri:0, instance:rahulshettyacademy.tests.SubmitOrderTest@eadd4fb]" name="submitOrder" class="rahulshettyacademy.tests.SubmitOrderTest"/>
      </group> <!-- Purchase -->
    </groups>
    <test started-at="2024-05-25T10:35:48 EDT" name="Error Validations Test" finished-at="2024-05-25T10:36:34 EDT" duration-ms="45976">
      <class name="rahulshettyacademy.tests.ErrorValidationsTest">
        <test-method is-config="true" signature="launchApplication()[pri:0, instance:rahulshettyacademy.tests.ErrorValidationsTest@700fb871]" started-at="2024-05-25T10:35:48 EDT" name="launchApplication" finished-at="2024-05-25T10:36:06 EDT" duration-ms="18480" status="PASS">
          <reporter-output>
          </reporter-output>
        </test-method> <!-- launchApplication -->
        <test-method signature="LoginErrorValidations()[pri:0, instance:rahulshettyacademy.tests.ErrorValidationsTest@700fb871]" started-at="2024-05-25T10:36:06 EDT" name="LoginErrorValidations" finished-at="2024-05-25T10:36:07 EDT" duration-ms="1263" status="PASS">
          <reporter-output>
          </reporter-output>
        </test-method> <!-- LoginErrorValidations -->
        <test-method is-config="true" signature="tearDown()[pri:0, instance:rahulshettyacademy.tests.ErrorValidationsTest@700fb871]" started-at="2024-05-25T10:36:07 EDT" name="tearDown" finished-at="2024-05-25T10:36:07 EDT" duration-ms="16" status="PASS">
          <reporter-output>
          </reporter-output>
        </test-method> <!-- tearDown -->
        <test-method is-config="true" signature="launchApplication()[pri:0, instance:rahulshettyacademy.tests.ErrorValidationsTest@700fb871]" started-at="2024-05-25T10:36:07 EDT" name="launchApplication" finished-at="2024-05-25T10:36:12 EDT" duration-ms="5014" status="PASS">
          <reporter-output>
          </reporter-output>
        </test-method> <!-- launchApplication -->
        <test-method signature="ProductErrorValidation()[pri:0, instance:rahulshettyacademy.tests.ErrorValidationsTest@700fb871]" started-at="2024-05-25T10:36:12 EDT" name="ProductErrorValidation" finished-at="2024-05-25T10:36:34 EDT" duration-ms="21138" status="PASS">
          <reporter-output>
          </reporter-output>
        </test-method> <!-- ProductErrorValidation -->
        <test-method is-config="true" signature="tearDown()[pri:0, instance:rahulshettyacademy.tests.ErrorValidationsTest@700fb871]" started-at="2024-05-25T10:36:34 EDT" name="tearDown" finished-at="2024-05-25T10:36:34 EDT" duration-ms="16" status="PASS">
          <reporter-output>
          </reporter-output>
        </test-method> <!-- tearDown -->
      </class> <!-- rahulshettyacademy.tests.ErrorValidationsTest -->
    </test> <!-- Error Validations Test -->
    <test started-at="2024-05-25T10:35:48 EDT" name="Submit Order Test" finished-at="2024-05-25T10:36:43 EDT" duration-ms="55006">
      <class name="rahulshettyacademy.tests.SubmitOrderTest">
        <test-method is-config="true" signature="launchApplication()[pri:0, instance:rahulshettyacademy.tests.SubmitOrderTest@eadd4fb]" started-at="2024-05-25T10:35:48 EDT" name="launchApplication" finished-at="2024-05-25T10:36:07 EDT" duration-ms="18982" status="PASS">
          <reporter-output>
          </reporter-output>
        </test-method> <!-- launchApplication -->
        <test-method signature="submitOrder(java.util.HashMap)[pri:0, instance:rahulshettyacademy.tests.SubmitOrderTest@eadd4fb]" started-at="2024-05-25T10:36:07 EDT" name="submitOrder" data-provider="getData" finished-at="2024-05-25T10:36:20 EDT" duration-ms="12899" status="PASS">
          <params>
            <param index="0">
              <value>
                <![CDATA[{password=Iamking@000, product=ZARA COAT 3, email=anshika@gmail.com}]]>
              </value>
            </param>
          </params>
          <reporter-output>
          </reporter-output>
        </test-method> <!-- submitOrder -->
        <test-method is-config="true" signature="tearDown()[pri:0, instance:rahulshettyacademy.tests.SubmitOrderTest@eadd4fb]" started-at="2024-05-25T10:36:20 EDT" name="tearDown" finished-at="2024-05-25T10:36:20 EDT" duration-ms="16" status="PASS">
          <reporter-output>
          </reporter-output>
        </test-method> <!-- tearDown -->
        <test-method is-config="true" signature="launchApplication()[pri:0, instance:rahulshettyacademy.tests.SubmitOrderTest@eadd4fb]" started-at="2024-05-25T10:36:20 EDT" name="launchApplication" finished-at="2024-05-25T10:36:24 EDT" duration-ms="4344" status="PASS">
          <reporter-output>
          </reporter-output>
        </test-method> <!-- launchApplication -->
        <test-method signature="submitOrder(java.util.HashMap)[pri:0, instance:rahulshettyacademy.tests.SubmitOrderTest@eadd4fb]" started-at="2024-05-25T10:36:24 EDT" name="submitOrder" data-provider="getData" finished-at="2024-05-25T10:36:37 EDT" duration-ms="12856" status="PASS">
          <params>
            <param index="0">
              <value>
                <![CDATA[{password=Iamking@000, product=ADIDAS ORIGINAL, email=shetty@gmail.com}]]>
              </value>
            </param>
          </params>
          <reporter-output>
          </reporter-output>
        </test-method> <!-- submitOrder -->
        <test-method is-config="true" signature="tearDown()[pri:0, instance:rahulshettyacademy.tests.SubmitOrderTest@eadd4fb]" started-at="2024-05-25T10:36:37 EDT" name="tearDown" finished-at="2024-05-25T10:36:37 EDT" duration-ms="16" status="PASS">
          <reporter-output>
          </reporter-output>
        </test-method> <!-- tearDown -->
        <test-method is-config="true" signature="launchApplication()[pri:0, instance:rahulshettyacademy.tests.SubmitOrderTest@eadd4fb]" started-at="2024-05-25T10:36:37 EDT" name="launchApplication" finished-at="2024-05-25T10:36:42 EDT" duration-ms="4735" status="PASS">
          <reporter-output>
          </reporter-output>
        </test-method> <!-- launchApplication -->
        <test-method signature="OrderHistoryTest()[pri:0, instance:rahulshettyacademy.tests.SubmitOrderTest@eadd4fb]" started-at="2024-05-25T10:36:42 EDT" name="OrderHistoryTest" finished-at="2024-05-25T10:36:43 EDT" depends-on-methods="rahulshettyacademy.tests.SubmitOrderTest.submitOrder" duration-ms="945" status="PASS">
          <reporter-output>
          </reporter-output>
        </test-method> <!-- OrderHistoryTest -->
        <test-method is-config="true" signature="tearDown()[pri:0, instance:rahulshettyacademy.tests.SubmitOrderTest@eadd4fb]" started-at="2024-05-25T10:36:43 EDT" name="tearDown" finished-at="2024-05-25T10:36:43 EDT" duration-ms="7" status="PASS">
          <reporter-output>
          </reporter-output>
        </test-method> <!-- tearDown -->
      </class> <!-- rahulshettyacademy.tests.SubmitOrderTest -->
    </test> <!-- Submit Order Test -->
  </suite> <!-- Suite -->
</testng-results>
